<?xml version="1.0" encoding="UTF-8"?>
<testng-results ignored="0" total="1" passed="1" failed="0" skipped="0">
  <reporter-output>
  </reporter-output>
  <suite started-at="2026-05-14T23:36:52 IST" name="Default suite" finished-at="2026-05-14T23:36:57 IST" duration-ms="4756">
    <groups>
    </groups>
    <test started-at="2026-05-14T23:36:52 IST" name="Default test" finished-at="2026-05-14T23:36:57 IST" duration-ms="4756">
      <class name="com.mystore.testcases.SuceDemoTest">
        <test-method is-config="true" signature="setUp()[pri:0, instance:com.mystore.testcases.SuceDemoTest@6c6cb480]" started-at="2026-05-14T23:36:52 IST" name="setUp" finished-at="2026-05-14T23:36:55 IST" duration-ms="3171" status="PASS">
          <reporter-output>
          </reporter-output>
        </test-method> <!-- setUp -->
        <test-method signature="verifyCompleteOrderFlow()[pri:0, instance:com.mystore.testcases.SuceDemoTest@6c6cb480]" started-at="2026-05-14T23:36:55 IST" name="verifyCompleteOrderFlow" finished-at="2026-05-14T23:36:56 IST" duration-ms="1134" status="PASS">
          <reporter-output>
          </reporter-output>
        </test-method> <!-- verifyCompleteOrderFlow -->
        <test-method is-config="true" signature="tearDown()[pri:0, instance:com.mystore.testcases.SuceDemoTest@6c6cb480]" started-at="2026-05-14T23:36:56 IST" name="tearDown" finished-at="2026-05-14T23:36:57 IST" duration-ms="376" status="PASS">
          <reporter-output>
          </reporter-output>
        </test-method> <!-- tearDown -->
      </class> <!-- com.mystore.testcases.SuceDemoTest -->
    </test> <!-- Default test -->
  </suite> <!-- Default suite -->
</testng-results>
